<?xml version="1.0" encoding="UTF-8"?>
<!-- Generated by org.testng.reporters.JUnitReportReporter -->
<testsuite hostname="LAPTOP-2IDDJ2UE" name="firsttestngpackage.SecondTestNGFile" tests="1" failures="0" timestamp="17 Aug 2019 08:14:48 GMT" time="0.049" errors="0">
  <testcase name="verifyHomepageTitle" time="0.049" classname="firsttestngpackage.SecondTestNGFile"/>
</testsuite> <!-- firsttestngpackage.SecondTestNGFile -->
