<?xml version="1.0" encoding="UTF-8"?>
<!-- Generated by org.testng.reporters.JUnitReportReporter -->
<testsuite hostname="LAPTOP-2IDDJ2UE" name="firsttestngpackage.GoogleTest" tests="2" failures="0" timestamp="17 Aug 2019 08:10:43 GMT" time="33.813" errors="0">
  <testcase name="nolinktest" time="15.385" classname="firsttestngpackage.GoogleTest"/>
  <testcase name="googleTitleTest" time="18.428" classname="firsttestngpackage.GoogleTest"/>
</testsuite> <!-- firsttestngpackage.GoogleTest -->
