<?xml version="1.0" encoding="UTF-8"?>
<!-- Generated by org.testng.reporters.JUnitReportReporter -->
<testsuite hostname="LAPTOP-2IDDJ2UE" name="firsttestngpackage.FirstTestNGFile" tests="1" failures="0" timestamp="18 Aug 2019 07:59:09 GMT" time="34.323" errors="0">
  <testcase name="verifyHomepageTitle" time="34.323" classname="firsttestngpackage.FirstTestNGFile"/>
</testsuite> <!-- firsttestngpackage.FirstTestNGFile -->
