<?xml version="1.0" encoding="UTF-8"?>
<!-- Generated by org.testng.reporters.JUnitReportReporter -->
<testsuite hostname="LAPTOP-2IDDJ2UE" name="firsttestngpackage.Dependency" tests="2" failures="0" timestamp="17 Aug 2019 08:10:43 GMT" time="0.030" errors="0">
  <testcase name="logintest" time="0.019" classname="firsttestngpackage.Dependency"/>
  <testcase name="Homepagetest" time="0.011" classname="firsttestngpackage.Dependency"/>
</testsuite> <!-- firsttestngpackage.Dependency -->
