<?xml version="1.0" encoding="UTF-8"?>
<!-- Generated by org.testng.reporters.JUnitReportReporter -->
<testsuite hostname="LAPTOP-2IDDJ2UE" name="firsttestngpackage.invocationcounttest" tests="1" failures="0" timestamp="17 Aug 2019 08:10:42 GMT" time="0.003" errors="0">
  <testcase name="sum" time="0.003" classname="firsttestngpackage.invocationcounttest"/>
</testsuite> <!-- firsttestngpackage.invocationcounttest -->
